[34m[1mwandb[39m[22m: [33mWARNING[39m Calling wandb.run.save without any arguments is deprecated.Changes to attributes are automatically persisted.
I0203 22:46:54.904469 139770811967360 run.py:116] Using CLRS21 spec: {'train': {'num_samples': 1000, 'length': 16, 'seed': 1}, 'val': {'num_samples': 32, 'length': 64, 'seed': 2}, 'test': {'num_samples': 32, 'length': 64, 'seed': 3}}
manual >>  True
I0203 22:46:58.961809 139770811967360 xla_bridge.py:231] Unable to initialize backend 'tpu_driver': NOT_FOUND: Unable to find driver in registry given worker:
2022-02-03 22:46:58.973860: E external/org_tensorflow/tensorflow/stream_executor/cuda/cuda_driver.cc:271] failed call to cuInit: CUDA_ERROR_NO_DEVICE: no CUDA-capable device is detected
I0203 22:46:58.974189 139770811967360 xla_bridge.py:231] Unable to initialize backend 'gpu': FAILED_PRECONDITION: No visible GPU devices.
I0203 22:46:58.974791 139770811967360 xla_bridge.py:231] Unable to initialize backend 'tpu': INVALID_ARGUMENT: TpuPlatform is not available.
W0203 22:46:58.974971 139770811967360 xla_bridge.py:235] No GPU/TPU found, falling back to CPU. (Set TF_CPP_MIN_LOG_LEVEL=0 and rerun for more info.)
adj shape >>  (32, 20, 20)
hint i shape >>  (32, 20)
hint i shape >>  (32, 20)
hint i shape >>  (32, 20)
manual >>  True
adj shape >>  (32, 20, 20)
hint i shape >>  (32, 20)
hint i shape >>  (32, 20)
hint i shape >>  (32, 20)
manual >>  True
adj shape >>  (32, 20, 20)
hint i shape >>  (32, 20)
hint i shape >>  (32, 20)
hint i shape >>  (32, 20)
manual >>  True
adj shape >>  (32, 20, 20)
hint i shape >>  (32, 20)
hint i shape >>  (32, 20)
hint i shape >>  (32, 20)
manual >>  True
adj shape >>  (32, 20, 20)
hint i shape >>  (32, 20)
hint i shape >>  (32, 20)
hint i shape >>  (32, 20)
I0203 22:47:34.471810 139770811967360 run.py:193] Compiled feedback step in 35.514826 s.
called predict2
manual >>  False
adj shape >>  (32, 20, 20)
hint i shape >>  (32, 20)
hint i shape >>  (32, 20)
hint i shape >>  (32, 20)
manual >>  False
adj shape >>  (32, 20, 20)
hint i shape >>  (32,)
Traceback (most recent call last):
  File "/content/drive/MyDrive/Final Project/new_clrs/clrs/examples/run.py", line 302, in <module>
    app.run(main)
  File "/usr/local/lib/python3.7/dist-packages/absl/app.py", line 312, in run
    _run_main(main, args)
  File "/usr/local/lib/python3.7/dist-packages/absl/app.py", line 258, in _run_main
    sys.exit(main(argv))
  File "/content/drive/MyDrive/Final Project/new_clrs/clrs/examples/run.py", line 204, in main
    test=True
  File "/content/drive/MyDrive/Final Project/new_clrs/clrs/examples/run.py", line 158, in evaluate
    predictions, aux = model.predict2(feedback.features)
  File "/content/drive/MyDrive/Final Project/new_clrs/clrs/_src/baselines_2.py", line 976, in predict2
    self.params, features, True, False)
  File "/usr/local/lib/python3.7/dist-packages/jax/_src/traceback_util.py", line 162, in reraise_with_filtered_traceback
    return fun(*args, **kwargs)
  File "/usr/local/lib/python3.7/dist-packages/jax/_src/api.py", line 419, in cache_miss
    donated_invars=donated_invars, inline=inline)
  File "/usr/local/lib/python3.7/dist-packages/jax/core.py", line 1632, in bind
    return call_bind(self, fun, *args, **params)
  File "/usr/local/lib/python3.7/dist-packages/jax/core.py", line 1623, in call_bind
    outs = primitive.process(top_trace, fun, tracers, params)
  File "/usr/local/lib/python3.7/dist-packages/jax/core.py", line 1635, in process
    return trace.process_call(self, fun, tracers, params)
  File "/usr/local/lib/python3.7/dist-packages/jax/core.py", line 627, in process_call
    return primitive.impl(f, *tracers, **params)
  File "/usr/local/lib/python3.7/dist-packages/jax/interpreters/xla.py", line 688, in _xla_call_impl
    *unsafe_map(arg_spec, args))
  File "/usr/local/lib/python3.7/dist-packages/jax/linear_util.py", line 263, in memoized_fun
    ans = call(fun, *args)
  File "/usr/local/lib/python3.7/dist-packages/jax/interpreters/xla.py", line 760, in _xla_callable_uncached
    *arg_specs).compile().unsafe_call
  File "/usr/local/lib/python3.7/dist-packages/jax/interpreters/xla.py", line 772, in lower_xla_callable
    fun, abstract_args, pe.debug_info_final(fun, "jit"))
  File "/usr/local/lib/python3.7/dist-packages/jax/interpreters/partial_eval.py", line 1542, in trace_to_jaxpr_final
    jaxpr, out_avals, consts = trace_to_subjaxpr_dynamic(fun, main, in_avals)
  File "/usr/local/lib/python3.7/dist-packages/jax/interpreters/partial_eval.py", line 1520, in trace_to_subjaxpr_dynamic
    ans = fun.call_wrapped(*in_tracers)
  File "/usr/local/lib/python3.7/dist-packages/jax/linear_util.py", line 166, in call_wrapped
    ans = self.f(*args, **dict(self.params, **kwargs))
  File "/usr/local/lib/python3.7/dist-packages/haiku/_src/transform.py", line 216, in apply_fn
    return f.apply(params, None, *args, **kwargs)
  File "/usr/local/lib/python3.7/dist-packages/haiku/_src/transform.py", line 127, in apply_fn
    out, state = f.apply(params, {}, *args, **kwargs)
  File "/usr/local/lib/python3.7/dist-packages/haiku/_src/transform.py", line 383, in apply_fn
    out = f(*args, **kwargs)
  File "/content/drive/MyDrive/Final Project/new_clrs/clrs/_src/baselines_2.py", line 950, in _use_net
    kind, inf_bias, inf_bias_edge, self.nb_dims, pooling=self.pooling)(*args, **kwargs)
  File "/usr/local/lib/python3.7/dist-packages/haiku/_src/module.py", line 428, in wrapped
    out = f(*args, **kwargs)
  File "/usr/local/lib/python3.7/dist-packages/haiku/_src/module.py", line 279, in run_interceptors
    return bound_method(*args, **kwargs)
  File "/content/drive/MyDrive/Final Project/new_clrs/clrs/_src/baselines_2.py", line 374, in __call__
    length=nb_mp_steps - 1)
  File "/usr/local/lib/python3.7/dist-packages/haiku/_src/stateful.py", line 509, in scan
    stateful_fun, init, xs, length, reverse, unroll=unroll)
  File "/usr/local/lib/python3.7/dist-packages/jax/_src/traceback_util.py", line 162, in reraise_with_filtered_traceback
    return fun(*args, **kwargs)
  File "/usr/local/lib/python3.7/dist-packages/jax/_src/lax/control_flow.py", line 1345, in scan
    init_flat, carry_avals, carry_avals_out, init_tree, *rest = _create_jaxpr(init)
  File "/usr/local/lib/python3.7/dist-packages/jax/_src/lax/control_flow.py", line 1332, in _create_jaxpr
    f, in_tree, carry_avals + x_avals, "scan")
  File "/usr/local/lib/python3.7/dist-packages/jax/_src/util.py", line 187, in wrapper
    return cached(config._trace_context(), *args, **kwargs)
  File "/usr/local/lib/python3.7/dist-packages/jax/_src/util.py", line 180, in cached
    return f(*args, **kwargs)
  File "/usr/local/lib/python3.7/dist-packages/jax/_src/lax/control_flow.py", line 78, in _initial_style_jaxpr
    fun, in_tree, in_avals, primitive_name)
  File "/usr/local/lib/python3.7/dist-packages/jax/_src/util.py", line 187, in wrapper
    return cached(config._trace_context(), *args, **kwargs)
  File "/usr/local/lib/python3.7/dist-packages/jax/_src/util.py", line 180, in cached
    return f(*args, **kwargs)
  File "/usr/local/lib/python3.7/dist-packages/jax/_src/lax/control_flow.py", line 71, in _initial_style_open_jaxpr
    jaxpr, _, consts = pe.trace_to_jaxpr_dynamic(wrapped_fun, in_avals, debug)
  File "/usr/local/lib/python3.7/dist-packages/jax/interpreters/partial_eval.py", line 1510, in trace_to_jaxpr_dynamic
    jaxpr, out_avals, consts = trace_to_subjaxpr_dynamic(fun, main, in_avals)
  File "/usr/local/lib/python3.7/dist-packages/jax/interpreters/partial_eval.py", line 1520, in trace_to_subjaxpr_dynamic
    ans = fun.call_wrapped(*in_tracers)
  File "/usr/local/lib/python3.7/dist-packages/jax/linear_util.py", line 166, in call_wrapped
    ans = self.f(*args, **dict(self.params, **kwargs))
  File "/usr/local/lib/python3.7/dist-packages/haiku/_src/stateful.py", line 491, in stateful_fun
    carry, out = f(carry, x)
  File "/usr/local/lib/python3.7/dist-packages/haiku/_src/module.py", line 428, in wrapped
    out = f(*args, **kwargs)
  File "/usr/local/lib/python3.7/dist-packages/haiku/_src/module.py", line 279, in run_interceptors
    return bound_method(*args, **kwargs)
  File "/content/drive/MyDrive/Final Project/new_clrs/clrs/_src/baselines_2.py", line 266, in _msg_passing_step
    inputs, cur_hint, mp_state.hiddens, nb_nodes, pooling=pooling, prev_hint=prev_hint_)
  File "/usr/local/lib/python3.7/dist-packages/haiku/_src/module.py", line 428, in wrapped
    out = f(*args, **kwargs)
  File "/usr/local/lib/python3.7/dist-packages/haiku/_src/module.py", line 279, in run_interceptors
    return bound_method(*args, **kwargs)
  File "/content/drive/MyDrive/Final Project/new_clrs/clrs/_src/baselines_2.py", line 808, in _one_step_pred
    gr_emb_i = jnp.matmul(jnp.expand_dims(prev_hint.i,axis=1), h_t)
  File "/usr/local/lib/python3.7/dist-packages/jax/_src/traceback_util.py", line 162, in reraise_with_filtered_traceback
    return fun(*args, **kwargs)
  File "/usr/local/lib/python3.7/dist-packages/jax/_src/api.py", line 419, in cache_miss
    donated_invars=donated_invars, inline=inline)
  File "/usr/local/lib/python3.7/dist-packages/jax/core.py", line 1632, in bind
    return call_bind(self, fun, *args, **params)
  File "/usr/local/lib/python3.7/dist-packages/jax/core.py", line 1623, in call_bind
    outs = primitive.process(top_trace, fun, tracers, params)
  File "/usr/local/lib/python3.7/dist-packages/jax/core.py", line 1635, in process
    return trace.process_call(self, fun, tracers, params)
  File "/usr/local/lib/python3.7/dist-packages/jax/interpreters/partial_eval.py", line 1330, in process_call
    jaxpr, out_avals, consts = trace_to_subjaxpr_dynamic(f, self.main, in_avals)
  File "/usr/local/lib/python3.7/dist-packages/jax/interpreters/partial_eval.py", line 1520, in trace_to_subjaxpr_dynamic
    ans = fun.call_wrapped(*in_tracers)
  File "/usr/local/lib/python3.7/dist-packages/jax/linear_util.py", line 166, in call_wrapped
    ans = self.f(*args, **dict(self.params, **kwargs))
  File "/usr/local/lib/python3.7/dist-packages/jax/_src/numpy/lax_numpy.py", line 4861, in matmul
    precision=precision)
  File "/usr/local/lib/python3.7/dist-packages/jax/_src/lax/lax.py", line 733, in dot_general
    preferred_element_type=preferred_element_type)
  File "/usr/local/lib/python3.7/dist-packages/jax/core.py", line 272, in bind
    out = top_trace.process_primitive(self, tracers, params)
  File "/usr/local/lib/python3.7/dist-packages/jax/interpreters/partial_eval.py", line 1317, in process_primitive
    out_avals = primitive.abstract_eval(*avals, **params)
  File "/usr/local/lib/python3.7/dist-packages/jax/_src/lax/lax.py", line 2274, in standard_abstract_eval
    return ShapedArray(shape_rule(*avals, **kwargs), dtype_rule(*avals, **kwargs),
  File "/usr/local/lib/python3.7/dist-packages/jax/_src/lax/lax.py", line 3576, in _dot_general_shape_rule
    raise TypeError(msg.format(lhs_contracting_shape, rhs_contracting_shape))
jax._src.traceback_util.UnfilteredStackTrace: TypeError: dot_general requires contracting dimensions to have the same shape, got [1] and [20].
The stack trace below excludes JAX-internal frames.
The preceding is the original exception that occurred, unmodified.
--------------------
The above exception was the direct cause of the following exception:
Traceback (most recent call last):
  File "/usr/lib/python3.7/runpy.py", line 193, in _run_module_as_main
    "__main__", mod_spec)
  File "/usr/lib/python3.7/runpy.py", line 85, in _run_code
    exec(code, run_globals)
  File "/content/drive/MyDrive/Final Project/new_clrs/clrs/examples/run.py", line 302, in <module>
    app.run(main)
  File "/usr/local/lib/python3.7/dist-packages/absl/app.py", line 312, in run
    _run_main(main, args)
  File "/usr/local/lib/python3.7/dist-packages/absl/app.py", line 258, in _run_main
    sys.exit(main(argv))
  File "/content/drive/MyDrive/Final Project/new_clrs/clrs/examples/run.py", line 204, in main
    test=True
  File "/content/drive/MyDrive/Final Project/new_clrs/clrs/examples/run.py", line 158, in evaluate
    predictions, aux = model.predict2(feedback.features)
  File "/content/drive/MyDrive/Final Project/new_clrs/clrs/_src/baselines_2.py", line 976, in predict2
    self.params, features, True, False)
  File "/usr/local/lib/python3.7/dist-packages/haiku/_src/transform.py", line 216, in apply_fn
    return f.apply(params, None, *args, **kwargs)
  File "/usr/local/lib/python3.7/dist-packages/haiku/_src/transform.py", line 127, in apply_fn
    out, state = f.apply(params, {}, *args, **kwargs)
  File "/usr/local/lib/python3.7/dist-packages/haiku/_src/transform.py", line 383, in apply_fn
    out = f(*args, **kwargs)
  File "/content/drive/MyDrive/Final Project/new_clrs/clrs/_src/baselines_2.py", line 950, in _use_net
    kind, inf_bias, inf_bias_edge, self.nb_dims, pooling=self.pooling)(*args, **kwargs)
  File "/usr/local/lib/python3.7/dist-packages/haiku/_src/module.py", line 428, in wrapped
    out = f(*args, **kwargs)
  File "/usr/local/lib/python3.7/dist-packages/haiku/_src/module.py", line 279, in run_interceptors
    return bound_method(*args, **kwargs)
  File "/content/drive/MyDrive/Final Project/new_clrs/clrs/_src/baselines_2.py", line 374, in __call__
    length=nb_mp_steps - 1)
  File "/usr/local/lib/python3.7/dist-packages/haiku/_src/stateful.py", line 509, in scan
    stateful_fun, init, xs, length, reverse, unroll=unroll)
  File "/usr/local/lib/python3.7/dist-packages/haiku/_src/stateful.py", line 491, in stateful_fun
    carry, out = f(carry, x)
  File "/usr/local/lib/python3.7/dist-packages/haiku/_src/module.py", line 428, in wrapped
    out = f(*args, **kwargs)
  File "/usr/local/lib/python3.7/dist-packages/haiku/_src/module.py", line 279, in run_interceptors
    return bound_method(*args, **kwargs)
  File "/content/drive/MyDrive/Final Project/new_clrs/clrs/_src/baselines_2.py", line 266, in _msg_passing_step
    inputs, cur_hint, mp_state.hiddens, nb_nodes, pooling=pooling, prev_hint=prev_hint_)
  File "/usr/local/lib/python3.7/dist-packages/haiku/_src/module.py", line 428, in wrapped
    out = f(*args, **kwargs)
  File "/usr/local/lib/python3.7/dist-packages/haiku/_src/module.py", line 279, in run_interceptors
    return bound_method(*args, **kwargs)
  File "/content/drive/MyDrive/Final Project/new_clrs/clrs/_src/baselines_2.py", line 808, in _one_step_pred
    gr_emb_i = jnp.matmul(jnp.expand_dims(prev_hint.i,axis=1), h_t)
  File "/usr/local/lib/python3.7/dist-packages/jax/_src/numpy/lax_numpy.py", line 4861, in matmul
    precision=precision)
TypeError: dot_general requires contracting dimensions to have the same shape, got [1] and [20].