[34m[1mwandb[39m[22m: [33mWARNING[39m Calling wandb.run.save without any arguments is deprecated.Changes to attributes are automatically persisted.
I0206 20:10:03.067657 140704447346560 run.py:116] Using CLRS21 spec: {'train': {'num_samples': 1000, 'length': 16, 'seed': 11}, 'val': {'num_samples': 32, 'length': 16, 'seed': 21}, 'test': {'num_samples': 32, 'length': 64, 'seed': 31}}
manual >>  True
I0206 20:10:05.767452 140704447346560 xla_bridge.py:231] Unable to initialize backend 'tpu_driver': NOT_FOUND: Unable to find driver in registry given worker:
I0206 20:10:06.002814 140704447346560 xla_bridge.py:231] Unable to initialize backend 'tpu': INVALID_ARGUMENT: TpuPlatform is not available.
adj shape >>  (32, 20, 20)
manual >>  True
adj shape >>  (32, 20, 20)
manual >>  True
adj shape >>  (32, 20, 20)
manual >>  True
adj shape >>  (32, 20, 20)
manual >>  True
adj shape >>  (32, 20, 20)
Traceback (most recent call last):
  File "/content/drive/MyDrive/Final Project/new_clrs/clrs/examples/run.py", line 318, in <module>
    app.run(main)
  File "/usr/local/lib/python3.7/dist-packages/absl/app.py", line 312, in run
    _run_main(main, args)
  File "/usr/local/lib/python3.7/dist-packages/absl/app.py", line 258, in _run_main
    sys.exit(main(argv))
  File "/content/drive/MyDrive/Final Project/new_clrs/clrs/examples/run.py", line 190, in main
    cur_loss = model.feedback(feedback)
  File "/content/drive/MyDrive/Final Project/new_clrs/clrs/_src/baselines_2.py", line 964, in feedback
    feedback)
  File "/content/drive/MyDrive/Final Project/new_clrs/clrs/_src/baselines_2.py", line 1135, in update
    lss, grads = jax.value_and_grad(loss)(params, feedback)
  File "/usr/local/lib/python3.7/dist-packages/jax/_src/traceback_util.py", line 162, in reraise_with_filtered_traceback
    return fun(*args, **kwargs)
  File "/usr/local/lib/python3.7/dist-packages/jax/_src/api.py", line 993, in value_and_grad_f
    ans, vjp_py = _vjp(f_partial, *dyn_args, reduce_axes=reduce_axes)
  File "/usr/local/lib/python3.7/dist-packages/jax/_src/api.py", line 2313, in _vjp
    flat_fun, primals_flat, reduce_axes=reduce_axes)
  File "/usr/local/lib/python3.7/dist-packages/jax/interpreters/ad.py", line 116, in vjp
    out_primals, pvals, jaxpr, consts = linearize(traceable, *primals)
  File "/usr/local/lib/python3.7/dist-packages/jax/interpreters/ad.py", line 103, in linearize
    jaxpr, out_pvals, consts = pe.trace_to_jaxpr(jvpfun_flat, in_pvals)
  File "/usr/local/lib/python3.7/dist-packages/jax/interpreters/partial_eval.py", line 513, in trace_to_jaxpr
    jaxpr, (out_pvals, consts, env) = fun.call_wrapped(pvals)
  File "/usr/local/lib/python3.7/dist-packages/jax/linear_util.py", line 166, in call_wrapped
    ans = self.f(*args, **dict(self.params, **kwargs))
  File "/content/drive/MyDrive/Final Project/new_clrs/clrs/_src/baselines_2.py", line 1027, in loss
    assert truth.name in hint_preds[i]
jax._src.traceback_util.UnfilteredStackTrace: AssertionError
The stack trace below excludes JAX-internal frames.
The preceding is the original exception that occurred, unmodified.
--------------------
The above exception was the direct cause of the following exception:
Traceback (most recent call last):
  File "/usr/lib/python3.7/runpy.py", line 193, in _run_module_as_main
    "__main__", mod_spec)
  File "/usr/lib/python3.7/runpy.py", line 85, in _run_code
    exec(code, run_globals)
  File "/content/drive/MyDrive/Final Project/new_clrs/clrs/examples/run.py", line 318, in <module>
    app.run(main)
  File "/usr/local/lib/python3.7/dist-packages/absl/app.py", line 312, in run
    _run_main(main, args)
  File "/usr/local/lib/python3.7/dist-packages/absl/app.py", line 258, in _run_main
    sys.exit(main(argv))
  File "/content/drive/MyDrive/Final Project/new_clrs/clrs/examples/run.py", line 190, in main
    cur_loss = model.feedback(feedback)
  File "/content/drive/MyDrive/Final Project/new_clrs/clrs/_src/baselines_2.py", line 964, in feedback
    feedback)
  File "/content/drive/MyDrive/Final Project/new_clrs/clrs/_src/baselines_2.py", line 1135, in update
    lss, grads = jax.value_and_grad(loss)(params, feedback)
  File "/content/drive/MyDrive/Final Project/new_clrs/clrs/_src/baselines_2.py", line 1027, in loss
    assert truth.name in hint_preds[i]
AssertionError